<?xml version="1.0" encoding="UTF-8" ?>
<testsuite failures="0" time="0.088" errors="0" skipped="0" tests="3" name="test.java.com.twitterfeeds.service.TweetServiceImplTest">
  <properties>
[...]
</properties>
  <testcase time="0.021" classname="test.java.com.twitterfeeds.service.TweetServiceImplTest" name="testDisplayTwitterFeeds"/>
  <testcase time="0.002" classname="test.java.com.twitterfeeds.service.TweetServiceImplTest" name="testGetListOfTwiterUsers"/>
  <testcase time="0" classname="test.java.com.twitterfeeds.service.TweetServiceImplTest" name="testGetListOfTweets"/>
</testsuite>